/bin/sh: root: command not found
**************************************************

opening connection to... dfs-vpn-51

sending commnands


242
successfully sent email to: jesus.salvador@un.org
**************************************************

opening connection to... dfs-vpn-01

sending commnands


242
successfully sent email to: jesus.salvador@un.org
**************************************************

opening connection to... dfs-vpn-51

sending commnands


242
successfully sent email to: jesus.salvador@un.org
**************************************************

opening connection to... dfs-vpn-01

sending commnands


242
successfully sent email to: jesus.salvador@un.org
**************************************************

opening connection to... dfs-vpn-51

sending commnands


242
successfully sent email to: jesus.salvador@un.org
**************************************************

opening connection to... dfs-vpn-01

sending commnands


242
successfully sent email to: jesus.salvador@un.org
**************************************************

opening connection to... dfs-vpn-51

sending commnands


242
successfully sent email to: jesus.salvador@un.org
**************************************************

opening connection to... dfs-vpn-01

sending commnands


242
successfully sent email to: jesus.salvador@un.org
**************************************************

opening connection to... dfs-vpn-51

sending commnands


242
successfully sent email to: jesus.salvador@un.org
**************************************************

opening connection to... dfs-vpn-01

sending commnands


242
successfully sent email to: jesus.salvador@un.org
**************************************************

date and time: 05/21/2021, 12:00:03
opening connection to... dfs-vpn-51

sending commnands


242
successfully sent email to: jesus.salvador@un.org
**************************************************

date and time: 05/21/2021, 12:00:05
opening connection to... dfs-vpn-01

sending commnands


242
successfully sent email to: jesus.salvador@un.org
**************************************************

date and time: 05/22/2021, 09:00:04
opening connection to... dfs-vpn-51

sending commnands


241
successfully sent email to: jesus.salvador@un.org
**************************************************

date and time: 05/22/2021, 09:00:07
opening connection to... dfs-vpn-01

sending commnands


241
successfully sent email to: jesus.salvador@un.org
**************************************************

date and time: 05/23/2021, 09:00:05
opening connection to... dfs-vpn-51

sending commnands


240
successfully sent email to: jesus.salvador@un.org
**************************************************

date and time: 05/23/2021, 09:00:08
opening connection to... dfs-vpn-01

sending commnands


240
successfully sent email to: jesus.salvador@un.org
**************************************************

date and time: 05/24/2021, 09:00:04
opening connection to... dfs-vpn-51

sending commnands


239
successfully sent email to: jesus.salvador@un.org
**************************************************

date and time: 05/24/2021, 09:00:06
opening connection to... dfs-vpn-01

sending commnands


239
successfully sent email to: jesus.salvador@un.org
